<?xml version="1.0" encoding="UTF-8"?>
<!-- Generated by org.testng.reporters.JUnitReportReporter -->
<testsuite hostname="LAPTOP-NLGKJFEK" failures="0" tests="1" name="com.test.IBM.Test1130" time="0.009" errors="0" timestamp="2022-02-18T19:18:06 IST" skipped="0">
  <testcase classname="com.test.IBM.Test1130" name="test" time="0.009"/>
  <system-out/>
</testsuite> <!-- com.test.IBM.Test1130 -->
