<?xml version="1.0" encoding="UTF-8"?>
<!-- Generated by org.testng.reporters.JUnitReportReporter -->
<testsuite hostname="LAPTOP-NLGKJFEK" failures="0" tests="1" name="com.test.IBM.General" time="0.000" errors="0" timestamp="2022-03-10T22:36:00 IST" skipped="1">
  <testcase classname="com.test.IBM.General" name="testA" time="0.000">
    <skipped/>
  </testcase> <!-- testA -->
  <system-out/>
</testsuite> <!-- com.test.IBM.General -->
